13:28:26 **** Build of configuration Nios II for project 6850Driver ****
make all 
Info: Building ../6850Driver_bsp/
C:/altera/15.0/nios2eds/bin/gnu/H-x86_64-mingw32/bin/make --no-print-directory -C ../6850Driver_bsp/
[BSP build complete]
Info: Compiling hello_world.c to obj/default/hello_world.o
nios2-elf-gcc -xc -MP -MMD -c -I../6850Driver_bsp//HAL/inc -I../6850Driver_bsp/ -I../6850Driver_bsp//drivers/inc  -pipe -D__hal__ -DALT_NO_INSTRUCTION_EMULATION -DALT_SINGLE_THREADED    -O0 -g -Wall   -mhw-div -mhw-mul -mno-hw-mulx  -o obj/default/hello_world.o hello_world.c
hello_world.c:15:1: warning: "/*" within comment [-Wcomment]
 /* Subroutine to initialise the RS232 Port by writing some data
 ^
hello_world.c: In function 'Init_Touch':
hello_world.c:88:2: warning: implicit declaration of function 'usleep' [-Wimplicit-function-declaration]
  usleep(10000);
  ^
hello_world.c:91:2: warning: implicit declaration of function 'putcharTS' [-Wimplicit-function-declaration]
  putcharTS(0x55);//SYNC
  ^
hello_world.c: In function 'GetPress':
hello_world.c:174:7: warning: unused variable 'p1' [-Wunused-variable]
 Point p1;
       ^
hello_world.c: In function 'GetRelease':
hello_world.c:185:9: warning: unused variable 'p1' [-Wunused-variable]
   Point p1;
         ^
Info: Linking 6850Driver.elf
nios2-elf-g++  -T'../6850Driver_bsp//linker.x' -msys-crt0='../6850Driver_bsp//obj/HAL/src/crt0.o' -msys-lib=hal_bsp -L../6850Driver_bsp/   -Wl,-Map=6850Driver.map   -O0 -g -Wall   -mhw-div -mhw-mul -mno-hw-mulx  -o 6850Driver.elf obj/default/hello_world.o -lm -msys-lib=m
nios2-elf-insert 6850Driver.elf --thread_model hal --cpu_name nios2_qsys_0 --qsys true --simulation_enabled false --stderr_dev jtag_uart_0 --stdin_dev jtag_uart_0 --stdout_dev jtag_uart_0 --sopc_system_name nios_system --quartus_project_dir "C:/altera/exercise1.3/NIOS_II_System_391_For_Students" --jdi C:/altera/exercise1.3/NIOS_II_System_391_For_Students/software/6850Driver_bsp/../../._DE1_SOC_NIOS.jdi --sopcinfo C:/altera/exercise1.3/NIOS_II_System_391_For_Students/software/6850Driver_bsp/../../nios_system.sopcinfo
Info: (6850Driver.elf) 68 KBytes program size (code + initialized data).
Info:                  65460 KBytes free for stack + heap.
Info: Creating 6850Driver.objdump
nios2-elf-objdump --disassemble --syms --all-header --source 6850Driver.elf >6850Driver.objdump
[6850Driver build complete]
13:28:35 **** Build of configuration Nios II for project 6850Driver ****
make all 
Info: Building ../6850Driver_bsp/
C:/altera/15.0/nios2eds/bin/gnu/H-x86_64-mingw32/bin/make --no-print-directory -C ../6850Driver_bsp/
[BSP build complete]
[6850Driver build complete]
13:28:36 **** Incremental Build of configuration Nios II for project 6850Driver ****
make all 
Info: Building ../6850Driver_bsp/
C:/altera/15.0/nios2eds/bin/gnu/H-x86_64-mingw32/bin/make --no-print-directory -C ../6850Driver_bsp/
[BSP build complete]
[6850Driver build complete]
